# JRE version: Java(TM) SE Runtime Environment (8.0_202-b08) (build 1.8.0_202-b08)
# Java VM: Java HotSpot(TM) 64-Bit Server VM (25.202-b08 mixed mode windows-amd64 compressed oops)
Heap:
 PSYoungGen      total 99328K, used 55228K [0x0000000780980000, 0x000000078b480000, 0x00000007c0000000)
  eden space 87552K, 62% used [0x0000000780980000,0x0000000783f1a138,0x0000000785f00000)
  from space 11776K, 2% used [0x0000000785f00000,0x0000000785f55010,0x0000000786a80000)
  to   space 11776K, 0% used [0x000000078a900000,0x000000078a900000,0x000000078b480000)
 ParOldGen       total 65536K, used 7210K [0x0000000701c00000, 0x0000000705c00000, 0x0000000780980000)
  object space 65536K, 11% used [0x0000000701c00000,0x000000070230a900,0x0000000705c00000)
 Metaspace       used 23708K, capacity 24646K, committed 24752K, reserved 1071104K
  class space    used 3231K, capacity 3455K, committed 3504K, reserved 1048576K
GC Heap History (10 events):
Event: 8.819 GC heap before
{Heap before GC invocations=4 (full 0):
 PSYoungGen      total 57344K, used 15017K [0x0000000780980000, 0x0000000784980000, 0x00000007c0000000)
  eden space 49152K, 13% used [0x0000000780980000,0x000000078102aa48,0x0000000783980000)
  from space 8192K, 99% used [0x0000000783980000,0x000000078417fc50,0x0000000784180000)
  to   space 8192K, 0% used [0x0000000784180000,0x0000000784180000,0x0000000784980000)
 ParOldGen       total 131072K, used 2159K [0x0000000701c00000, 0x0000000709c00000, 0x0000000780980000)
  object space 131072K, 1% used [0x0000000701c00000,0x0000000701e1bf00,0x0000000709c00000)
 Metaspace       used 20404K, capacity 21228K, committed 21296K, reserved 1067008K
  class space    used 2857K, capacity 3084K, committed 3120K, reserved 1048576K
Event: 8.826 GC heap after
Heap after GC invocations=4 (full 0):
 PSYoungGen      total 57344K, used 7317K [0x0000000780980000, 0x0000000787980000, 0x00000007c0000000)
  eden space 49152K, 0% used [0x0000000780980000,0x0000000780980000,0x0000000783980000)
  from space 8192K, 89% used [0x0000000784180000,0x00000007848a55b8,0x0000000784980000)
  to   space 8192K, 0% used [0x0000000783980000,0x0000000783980000,0x0000000784180000)
 ParOldGen       total 131072K, used 2167K [0x0000000701c00000, 0x0000000709c00000, 0x0000000780980000)
  object space 131072K, 1% used [0x0000000701c00000,0x0000000701e1df00,0x0000000709c00000)
 Metaspace       used 20404K, capacity 21228K, committed 21296K, reserved 1067008K
  class space    used 2857K, capacity 3084K, committed 3120K, reserved 1048576K
}
Event: 8.826 GC heap before
{Heap before GC invocations=5 (full 1):
 PSYoungGen      total 57344K, used 7317K [0x0000000780980000, 0x0000000787980000, 0x00000007c0000000)
  eden space 49152K, 0% used [0x0000000780980000,0x0000000780980000,0x0000000783980000)
  from space 8192K, 89% used [0x0000000784180000,0x00000007848a55b8,0x0000000784980000)
  to   space 8192K, 0% used [0x0000000783980000,0x0000000783980000,0x0000000784180000)
 ParOldGen       total 131072K, used 2167K [0x0000000701c00000, 0x0000000709c00000, 0x0000000780980000)
  object space 131072K, 1% used [0x0000000701c00000,0x0000000701e1df00,0x0000000709c00000)
 Metaspace       used 20404K, capacity 21228K, committed 21296K, reserved 1067008K
  class space    used 2857K, capacity 3084K, committed 3120K, reserved 1048576K
Event: 8.860 GC heap after
Heap after GC invocations=5 (full 1):
 PSYoungGen      total 57344K, used 0K [0x0000000780980000, 0x0000000787980000, 0x00000007c0000000)
  eden space 49152K, 0% used [0x0000000780980000,0x0000000780980000,0x0000000783980000)
  from space 8192K, 0% used [0x0000000784180000,0x0000000784180000,0x0000000784980000)
  to   space 8192K, 0% used [0x0000000783980000,0x0000000783980000,0x0000000784180000)
 ParOldGen       total 65536K, used 7194K [0x0000000701c00000, 0x0000000705c00000, 0x0000000780980000)
  object space 65536K, 10% used [0x0000000701c00000,0x0000000702306900,0x0000000705c00000)
 Metaspace       used 20404K, capacity 21228K, committed 21296K, reserved 1067008K
  class space    used 2857K, capacity 3084K, committed 3120K, reserved 1048576K
}
Event: 13.945 GC heap before
{Heap before GC invocations=6 (full 1):
 PSYoungGen      total 57344K, used 49152K [0x0000000780980000, 0x0000000787980000, 0x00000007c0000000)
  eden space 49152K, 100% used [0x0000000780980000,0x0000000783980000,0x0000000783980000)
  from space 8192K, 0% used [0x0000000784180000,0x0000000784180000,0x0000000784980000)
  to   space 8192K, 0% used [0x0000000783980000,0x0000000783980000,0x0000000784180000)
 ParOldGen       total 65536K, used 7194K [0x0000000701c00000, 0x0000000705c00000, 0x0000000780980000)
  object space 65536K, 10% used [0x0000000701c00000,0x0000000702306900,0x0000000705c00000)
 Metaspace       used 20962K, capacity 21832K, committed 22192K, reserved 1069056K
  class space    used 2918K, capacity 3136K, committed 3248K, reserved 1048576K
Event: 13.947 GC heap after
Heap after GC invocations=6 (full 1):
 PSYoungGen      total 57344K, used 1391K [0x0000000780980000, 0x0000000787780000, 0x00000007c0000000)
  eden space 49152K, 0% used [0x0000000780980000,0x0000000780980000,0x0000000783980000)
  from space 8192K, 16% used [0x0000000783980000,0x0000000783adbf58,0x0000000784180000)
  to   space 11264K, 0% used [0x0000000786c80000,0x0000000786c80000,0x0000000787780000)
 ParOldGen       total 65536K, used 7194K [0x0000000701c00000, 0x0000000705c00000, 0x0000000780980000)
  object space 65536K, 10% used [0x0000000701c00000,0x0000000702306900,0x0000000705c00000)
 Metaspace       used 20962K, capacity 21832K, committed 22192K, reserved 1069056K
  class space    used 2918K, capacity 3136K, committed 3248K, reserved 1048576K
}
Event: 819.654 GC heap before
{Heap before GC invocations=7 (full 1):
 PSYoungGen      total 57344K, used 50543K [0x0000000780980000, 0x0000000787780000, 0x00000007c0000000)
  eden space 49152K, 100% used [0x0000000780980000,0x0000000783980000,0x0000000783980000)
  from space 8192K, 16% used [0x0000000783980000,0x0000000783adbf58,0x0000000784180000)
  to   space 11264K, 0% used [0x0000000786c80000,0x0000000786c80000,0x0000000787780000)
 ParOldGen       total 65536K, used 7194K [0x0000000701c00000, 0x0000000705c00000, 0x0000000780980000)
  object space 65536K, 10% used [0x0000000701c00000,0x0000000702306900,0x0000000705c00000)
 Metaspace       used 21621K, capacity 22502K, committed 22704K, reserved 1069056K
  class space    used 2927K, capacity 3137K, committed 3248K, reserved 1048576K
Event: 819.656 GC heap after
Heap after GC invocations=7 (full 1):
 PSYoungGen      total 97280K, used 372K [0x0000000780980000, 0x0000000787600000, 0x00000007c0000000)
  eden space 87552K, 0% used [0x0000000780980000,0x0000000780980000,0x0000000785f00000)
  from space 9728K, 3% used [0x0000000786c80000,0x0000000786cdd010,0x0000000787600000)
  to   space 11776K, 0% used [0x0000000785f00000,0x0000000785f00000,0x0000000786a80000)
 ParOldGen       total 65536K, used 7202K [0x0000000701c00000, 0x0000000705c00000, 0x0000000780980000)
  object space 65536K, 10% used [0x0000000701c00000,0x0000000702308900,0x0000000705c00000)
 Metaspace       used 21621K, capacity 22502K, committed 22704K, reserved 1069056K
  class space    used 2927K, capacity 3137K, committed 3248K, reserved 1048576K
}
Event: 3215.026 GC heap before
{Heap before GC invocations=8 (full 1):
 PSYoungGen      total 97280K, used 87924K [0x0000000780980000, 0x0000000787600000, 0x00000007c0000000)
  eden space 87552K, 100% used [0x0000000780980000,0x0000000785f00000,0x0000000785f00000)
  from space 9728K, 3% used [0x0000000786c80000,0x0000000786cdd010,0x0000000787600000)
  to   space 11776K, 0% used [0x0000000785f00000,0x0000000785f00000,0x0000000786a80000)
 ParOldGen       total 65536K, used 7202K [0x0000000701c00000, 0x0000000705c00000, 0x0000000780980000)
  object space 65536K, 10% used [0x0000000701c00000,0x0000000702308900,0x0000000705c00000)
 Metaspace       used 21676K, capacity 22566K, committed 22704K, reserved 1069056K
  class space    used 2928K, capacity 3137K, committed 3248K, reserved 1048576K
Event: 3215.032 GC heap after
Heap after GC invocations=8 (full 1):
 PSYoungGen      total 99328K, used 340K [0x0000000780980000, 0x000000078b480000, 0x00000007c0000000)
  eden space 87552K, 0% used [0x0000000780980000,0x0000000780980000,0x0000000785f00000)
  from space 11776K, 2% used [0x0000000785f00000,0x0000000785f55010,0x0000000786a80000)
  to   space 11776K, 0% used [0x000000078a900000,0x000000078a900000,0x000000078b480000)
 ParOldGen       total 65536K, used 7210K [0x0000000701c00000, 0x0000000705c00000, 0x0000000780980000)
  object space 65536K, 11% used [0x0000000701c00000,0x000000070230a900,0x0000000705c00000)
 Metaspace       used 21676K, capacity 22566K, committed 22704K, reserved 1069056K
  class space    used 2928K, capacity 3137K, committed 3248K, reserved 1048576K
}

